2021-10-27 10:33:30.605  INFO 1884 --- [main] com.api.sportyShoes.SportyShoes          : Starting SportyShoes on MCKL-7829 with PID 1884 (C:\Users\raghavendra.dc\Downloads\sporty_shoes\target\classes started by raghavendra.dc in C:\Users\raghavendra.dc\Downloads\sporty_shoes)
2021-10-27 10:33:30.627  INFO 1884 --- [main] com.api.sportyShoes.SportyShoes          : No active profile set, falling back to default profiles: default
2021-10-27 10:33:31.964  INFO 1884 --- [main] .s.d.r.c.RepositoryConfigurationDelegate : Bootstrapping Spring Data JPA repositories in DEFAULT mode.
2021-10-27 10:33:32.046  INFO 1884 --- [main] .s.d.r.c.RepositoryConfigurationDelegate : Finished Spring Data repository scanning in 68ms. Found 2 JPA repository interfaces.
2021-10-27 10:33:32.998  INFO 1884 --- [main] o.s.b.w.embedded.tomcat.TomcatWebServer  : Tomcat initialized with port(s): 4000 (http)
2021-10-27 10:33:33.011  INFO 1884 --- [main] o.apache.catalina.core.StandardService   : Starting service [Tomcat]
2021-10-27 10:33:33.011  INFO 1884 --- [main] org.apache.catalina.core.StandardEngine  : Starting Servlet engine: [Apache Tomcat/9.0.38]
2021-10-27 10:33:33.098  INFO 1884 --- [main] o.a.c.c.C.[Tomcat].[localhost].[/]       : Initializing Spring embedded WebApplicationContext
2021-10-27 10:33:33.099  INFO 1884 --- [main] w.s.c.ServletWebServerApplicationContext : Root WebApplicationContext: initialization completed in 2386 ms
2021-10-27 10:33:33.150  INFO 1884 --- [main] com.zaxxer.hikari.HikariDataSource       : HikariPool-1 - Starting...
2021-10-27 10:33:33.422  INFO 1884 --- [main] com.zaxxer.hikari.HikariDataSource       : HikariPool-1 - Start completed.
2021-10-27 10:33:33.430  INFO 1884 --- [main] o.s.b.a.h2.H2ConsoleAutoConfiguration    : H2 console available at '/h2'. Database available at 'jdbc:h2:mem:testdb'
2021-10-27 10:33:33.678  INFO 1884 --- [main] o.hibernate.jpa.internal.util.LogHelper  : HHH000204: Processing PersistenceUnitInfo [name: default]
2021-10-27 10:33:33.759  INFO 1884 --- [main] org.hibernate.Version                    : HHH000412: Hibernate ORM core version 5.4.21.Final
2021-10-27 10:33:34.004  INFO 1884 --- [main] o.hibernate.annotations.common.Version   : HCANN000001: Hibernate Commons Annotations {5.1.0.Final}
2021-10-27 10:33:34.152  INFO 1884 --- [main] org.hibernate.dialect.Dialect            : HHH000400: Using dialect: org.hibernate.dialect.H2Dialect
2021-10-27 10:33:34.752  INFO 1884 --- [main] o.h.e.t.j.p.i.JtaPlatformInitiator       : HHH000490: Using JtaPlatform implementation: [org.hibernate.engine.transaction.jta.platform.internal.NoJtaPlatform]
2021-10-27 10:33:34.759  INFO 1884 --- [main] j.LocalContainerEntityManagerFactoryBean : Initialized JPA EntityManagerFactory for persistence unit 'default'
2021-10-27 10:33:34.801  WARN 1884 --- [main] JpaBaseConfiguration$JpaWebConfiguration : spring.jpa.open-in-view is enabled by default. Therefore, database queries may be performed during view rendering. Explicitly configure spring.jpa.open-in-view to disable this warning
2021-10-27 10:33:36.081  INFO 1884 --- [main] o.s.s.web.DefaultSecurityFilterChain     : Creating filter chain: any request, [org.springframework.security.web.context.request.async.WebAsyncManagerIntegrationFilter@45c408a4, org.springframework.security.web.context.SecurityContextPersistenceFilter@12266084, org.springframework.security.web.header.HeaderWriterFilter@36d7a68a, org.springframework.security.web.authentication.logout.LogoutFilter@1e95f584, org.springframework.security.web.authentication.www.BasicAuthenticationFilter@7a3a49e5, org.springframework.security.web.savedrequest.RequestCacheAwareFilter@2a65e237, org.springframework.security.web.servletapi.SecurityContextHolderAwareRequestFilter@29f8134, org.springframework.security.web.authentication.AnonymousAuthenticationFilter@369a95a5, org.springframework.security.web.session.SessionManagementFilter@27ec0d06, org.springframework.security.web.access.ExceptionTranslationFilter@6f65aa58, org.springframework.security.web.access.intercept.FilterSecurityInterceptor@ce19c86]
2021-10-27 10:33:36.104  INFO 1884 --- [main] pertySourcedRequestMappingHandlerMapping : Mapped URL path [/v2/api-docs] onto method [springfox.documentation.swagger2.web.Swagger2Controller#getDocumentation(String, HttpServletRequest)]
2021-10-27 10:33:36.209  INFO 1884 --- [main] o.s.s.concurrent.ThreadPoolTaskExecutor  : Initializing ExecutorService 'applicationTaskExecutor'
2021-10-27 10:33:36.376  INFO 1884 --- [main] d.s.w.p.DocumentationPluginsBootstrapper : Context refreshed
2021-10-27 10:33:36.398  INFO 1884 --- [main] d.s.w.p.DocumentationPluginsBootstrapper : Found 1 custom documentation plugin(s)
2021-10-27 10:33:36.445  INFO 1884 --- [main] s.d.s.w.s.ApiListingReferenceScanner     : Scanning for api listing references
2021-10-27 10:33:36.668  INFO 1884 --- [main] o.s.b.w.embedded.tomcat.TomcatWebServer  : Tomcat started on port(s): 4000 (http) with context path ''
2021-10-27 10:33:36.671  INFO 1884 --- [main] com.api.sportyShoes.SportyShoes          : Started SportyShoes in 6.513 seconds (JVM running for 6.951)
2021-10-27 10:34:13.011  INFO 3592 --- [main] com.api.sportyShoes.SportyShoes          : Starting SportyShoes on MCKL-7829 with PID 3592 (C:\Users\raghavendra.dc\Downloads\sporty_shoes\target\classes started by raghavendra.dc in C:\Users\raghavendra.dc\Downloads\sporty_shoes)
2021-10-27 10:34:13.015  INFO 3592 --- [main] com.api.sportyShoes.SportyShoes          : No active profile set, falling back to default profiles: default
2021-10-27 10:34:13.938  INFO 3592 --- [main] .s.d.r.c.RepositoryConfigurationDelegate : Bootstrapping Spring Data JPA repositories in DEFAULT mode.
2021-10-27 10:34:14.005  INFO 3592 --- [main] .s.d.r.c.RepositoryConfigurationDelegate : Finished Spring Data repository scanning in 59ms. Found 2 JPA repository interfaces.
2021-10-27 10:34:14.816  INFO 3592 --- [main] o.s.b.w.embedded.tomcat.TomcatWebServer  : Tomcat initialized with port(s): 4000 (http)
2021-10-27 10:34:14.829  INFO 3592 --- [main] o.apache.catalina.core.StandardService   : Starting service [Tomcat]
2021-10-27 10:34:14.829  INFO 3592 --- [main] org.apache.catalina.core.StandardEngine  : Starting Servlet engine: [Apache Tomcat/9.0.38]
2021-10-27 10:34:14.933  INFO 3592 --- [main] o.a.c.c.C.[Tomcat].[localhost].[/]       : Initializing Spring embedded WebApplicationContext
2021-10-27 10:34:14.933  INFO 3592 --- [main] w.s.c.ServletWebServerApplicationContext : Root WebApplicationContext: initialization completed in 1853 ms
2021-10-27 10:34:14.976  INFO 3592 --- [main] com.zaxxer.hikari.HikariDataSource       : HikariPool-1 - Starting...
2021-10-27 10:34:15.195  INFO 3592 --- [main] com.zaxxer.hikari.HikariDataSource       : HikariPool-1 - Start completed.
2021-10-27 10:34:15.200  INFO 3592 --- [main] o.s.b.a.h2.H2ConsoleAutoConfiguration    : H2 console available at '/h2'. Database available at 'jdbc:h2:mem:testdb'
2021-10-27 10:34:15.379  INFO 3592 --- [main] o.hibernate.jpa.internal.util.LogHelper  : HHH000204: Processing PersistenceUnitInfo [name: default]
2021-10-27 10:34:15.434  INFO 3592 --- [main] org.hibernate.Version                    : HHH000412: Hibernate ORM core version 5.4.21.Final
2021-10-27 10:34:15.558  INFO 3592 --- [main] o.hibernate.annotations.common.Version   : HCANN000001: Hibernate Commons Annotations {5.1.0.Final}
2021-10-27 10:34:15.664  INFO 3592 --- [main] org.hibernate.dialect.Dialect            : HHH000400: Using dialect: org.hibernate.dialect.H2Dialect
2021-10-27 10:34:16.311  INFO 3592 --- [main] o.h.e.t.j.p.i.JtaPlatformInitiator       : HHH000490: Using JtaPlatform implementation: [org.hibernate.engine.transaction.jta.platform.internal.NoJtaPlatform]
2021-10-27 10:34:16.319  INFO 3592 --- [main] j.LocalContainerEntityManagerFactoryBean : Initialized JPA EntityManagerFactory for persistence unit 'default'
2021-10-27 10:34:16.375  WARN 3592 --- [main] JpaBaseConfiguration$JpaWebConfiguration : spring.jpa.open-in-view is enabled by default. Therefore, database queries may be performed during view rendering. Explicitly configure spring.jpa.open-in-view to disable this warning
2021-10-27 10:34:17.466  INFO 3592 --- [main] o.s.s.web.DefaultSecurityFilterChain     : Creating filter chain: any request, [org.springframework.security.web.context.request.async.WebAsyncManagerIntegrationFilter@b2da3a5, org.springframework.security.web.context.SecurityContextPersistenceFilter@2838eb, org.springframework.security.web.header.HeaderWriterFilter@77cc6a28, org.springframework.security.web.authentication.logout.LogoutFilter@65262308, org.springframework.security.web.authentication.www.BasicAuthenticationFilter@398f0516, org.springframework.security.web.savedrequest.RequestCacheAwareFilter@45dc7be, org.springframework.security.web.servletapi.SecurityContextHolderAwareRequestFilter@6da646b8, org.springframework.security.web.authentication.AnonymousAuthenticationFilter@6dbb3d7d, org.springframework.security.web.session.SessionManagementFilter@36d7a68a, org.springframework.security.web.access.ExceptionTranslationFilter@720c8f80, org.springframework.security.web.access.intercept.FilterSecurityInterceptor@749ad37c]
2021-10-27 10:34:17.489  INFO 3592 --- [main] pertySourcedRequestMappingHandlerMapping : Mapped URL path [/v2/api-docs] onto method [springfox.documentation.swagger2.web.Swagger2Controller#getDocumentation(String, HttpServletRequest)]
2021-10-27 10:34:17.618  INFO 3592 --- [main] o.s.s.concurrent.ThreadPoolTaskExecutor  : Initializing ExecutorService 'applicationTaskExecutor'
2021-10-27 10:34:17.778  INFO 3592 --- [main] d.s.w.p.DocumentationPluginsBootstrapper : Context refreshed
2021-10-27 10:34:17.805  INFO 3592 --- [main] d.s.w.p.DocumentationPluginsBootstrapper : Found 1 custom documentation plugin(s)
2021-10-27 10:34:17.847  INFO 3592 --- [main] s.d.s.w.s.ApiListingReferenceScanner     : Scanning for api listing references
2021-10-27 10:34:18.029  INFO 3592 --- [main] o.s.b.w.embedded.tomcat.TomcatWebServer  : Tomcat started on port(s): 4000 (http) with context path ''
2021-10-27 10:34:18.031  INFO 3592 --- [main] com.api.sportyShoes.SportyShoes          : Started SportyShoes in 5.38 seconds (JVM running for 5.771)
2021-10-31 23:10:53.959  INFO 1352 --- [main] com.api.sportyShoes.SportyShoes          : Starting SportyShoes on DESKTOP-B4S75O9 with PID 1352 (C:\Users\admin\Desktop\E-commerce-Website-for-Sporty-Shoes-master\sporty_shoes\target\classes started by admin in C:\Users\admin\Desktop\E-commerce-Website-for-Sporty-Shoes-master\sporty_shoes)
2021-10-31 23:10:53.997  INFO 1352 --- [main] com.api.sportyShoes.SportyShoes          : No active profile set, falling back to default profiles: default
2021-10-31 23:10:59.419  INFO 1352 --- [main] .s.d.r.c.RepositoryConfigurationDelegate : Bootstrapping Spring Data JPA repositories in DEFAULT mode.
2021-10-31 23:10:59.604  INFO 1352 --- [main] .s.d.r.c.RepositoryConfigurationDelegate : Finished Spring Data repository scanning in 134ms. Found 2 JPA repository interfaces.
2021-10-31 23:11:03.296  INFO 1352 --- [main] o.s.b.w.embedded.tomcat.TomcatWebServer  : Tomcat initialized with port(s): 4000 (http)
2021-10-31 23:11:03.361  INFO 1352 --- [main] o.apache.catalina.core.StandardService   : Starting service [Tomcat]
2021-10-31 23:11:03.362  INFO 1352 --- [main] org.apache.catalina.core.StandardEngine  : Starting Servlet engine: [Apache Tomcat/9.0.38]
2021-10-31 23:11:03.918  INFO 1352 --- [main] o.a.c.c.C.[Tomcat].[localhost].[/]       : Initializing Spring embedded WebApplicationContext
2021-10-31 23:11:03.919  INFO 1352 --- [main] w.s.c.ServletWebServerApplicationContext : Root WebApplicationContext: initialization completed in 9618 ms
2021-10-31 23:11:04.078  INFO 1352 --- [main] com.zaxxer.hikari.HikariDataSource       : HikariPool-1 - Starting...
2021-10-31 23:11:05.482  INFO 1352 --- [main] com.zaxxer.hikari.HikariDataSource       : HikariPool-1 - Start completed.
2021-10-31 23:11:05.494  INFO 1352 --- [main] o.s.b.a.h2.H2ConsoleAutoConfiguration    : H2 console available at '/h2'. Database available at 'jdbc:h2:mem:testdb'
2021-10-31 23:11:06.289  INFO 1352 --- [main] o.hibernate.jpa.internal.util.LogHelper  : HHH000204: Processing PersistenceUnitInfo [name: default]
2021-10-31 23:11:06.819  INFO 1352 --- [main] org.hibernate.Version                    : HHH000412: Hibernate ORM core version 5.4.21.Final
2021-10-31 23:11:07.716  INFO 1352 --- [main] o.hibernate.annotations.common.Version   : HCANN000001: Hibernate Commons Annotations {5.1.0.Final}
2021-10-31 23:11:08.680  INFO 1352 --- [main] org.hibernate.dialect.Dialect            : HHH000400: Using dialect: org.hibernate.dialect.H2Dialect
2021-10-31 23:11:10.733  INFO 1352 --- [main] o.h.e.t.j.p.i.JtaPlatformInitiator       : HHH000490: Using JtaPlatform implementation: [org.hibernate.engine.transaction.jta.platform.internal.NoJtaPlatform]
2021-10-31 23:11:10.741  INFO 1352 --- [main] j.LocalContainerEntityManagerFactoryBean : Initialized JPA EntityManagerFactory for persistence unit 'default'
2021-10-31 23:11:10.890  WARN 1352 --- [main] JpaBaseConfiguration$JpaWebConfiguration : spring.jpa.open-in-view is enabled by default. Therefore, database queries may be performed during view rendering. Explicitly configure spring.jpa.open-in-view to disable this warning
2021-10-31 23:11:14.443  INFO 1352 --- [main] o.s.s.web.DefaultSecurityFilterChain     : Creating filter chain: any request, [org.springframework.security.web.context.request.async.WebAsyncManagerIntegrationFilter@2e88ad38, org.springframework.security.web.context.SecurityContextPersistenceFilter@76ebd595, org.springframework.security.web.header.HeaderWriterFilter@a7fd77f, org.springframework.security.web.authentication.logout.LogoutFilter@6892d403, org.springframework.security.web.authentication.www.BasicAuthenticationFilter@3a36da5e, org.springframework.security.web.savedrequest.RequestCacheAwareFilter@225fb75e, org.springframework.security.web.servletapi.SecurityContextHolderAwareRequestFilter@fd5c7f6, org.springframework.security.web.authentication.AnonymousAuthenticationFilter@2148849f, org.springframework.security.web.session.SessionManagementFilter@397bd46b, org.springframework.security.web.access.ExceptionTranslationFilter@7611e295, org.springframework.security.web.access.intercept.FilterSecurityInterceptor@136690b1]
2021-10-31 23:11:14.509  INFO 1352 --- [main] pertySourcedRequestMappingHandlerMapping : Mapped URL path [/v2/api-docs] onto method [springfox.documentation.swagger2.web.Swagger2Controller#getDocumentation(String, HttpServletRequest)]
2021-10-31 23:11:14.734  INFO 1352 --- [main] o.s.s.concurrent.ThreadPoolTaskExecutor  : Initializing ExecutorService 'applicationTaskExecutor'
2021-10-31 23:11:15.471  INFO 1352 --- [main] d.s.w.p.DocumentationPluginsBootstrapper : Context refreshed
2021-10-31 23:11:15.550  INFO 1352 --- [main] d.s.w.p.DocumentationPluginsBootstrapper : Found 1 custom documentation plugin(s)
2021-10-31 23:11:15.644  INFO 1352 --- [main] s.d.s.w.s.ApiListingReferenceScanner     : Scanning for api listing references
2021-10-31 23:11:16.416  INFO 1352 --- [main] o.s.b.w.embedded.tomcat.TomcatWebServer  : Tomcat started on port(s): 4000 (http) with context path ''
2021-10-31 23:11:16.422  INFO 1352 --- [main] com.api.sportyShoes.SportyShoes          : Started SportyShoes in 24.213 seconds (JVM running for 25.632)
2021-10-31 23:12:29.626  INFO 1352 --- [http-nio-4000-exec-1] o.apache.coyote.http11.Http11Processor   : Error parsing HTTP request header
 Note: further occurrences of HTTP request parsing errors will be logged at DEBUG level.

java.lang.IllegalArgumentException: Invalid character found in method name [0x160x030x010x020x000x010x000x010xfc0x030x030xf70x8fN0x9eV0xd80xc3Y0x86h0x880xabNm0xd7^v0xcd0xc6<0xfd0xea0xf4J0xc80xbbZ+;0xbe0x8bq]. HTTP method names must be tokens
	at org.apache.coyote.http11.Http11InputBuffer.parseRequestLine(Http11InputBuffer.java:413) ~[tomcat-embed-core-9.0.38.jar:9.0.38]
	at org.apache.coyote.http11.Http11Processor.service(Http11Processor.java:261) ~[tomcat-embed-core-9.0.38.jar:9.0.38]
	at org.apache.coyote.AbstractProcessorLight.process(AbstractProcessorLight.java:65) ~[tomcat-embed-core-9.0.38.jar:9.0.38]
	at org.apache.coyote.AbstractProtocol$ConnectionHandler.process(AbstractProtocol.java:868) ~[tomcat-embed-core-9.0.38.jar:9.0.38]
	at org.apache.tomcat.util.net.NioEndpoint$SocketProcessor.doRun(NioEndpoint.java:1590) ~[tomcat-embed-core-9.0.38.jar:9.0.38]
	at org.apache.tomcat.util.net.SocketProcessorBase.run(SocketProcessorBase.java:49) ~[tomcat-embed-core-9.0.38.jar:9.0.38]
	at java.base/java.util.concurrent.ThreadPoolExecutor.runWorker(ThreadPoolExecutor.java:1136) ~[na:na]
	at java.base/java.util.concurrent.ThreadPoolExecutor$Worker.run(ThreadPoolExecutor.java:635) ~[na:na]
	at org.apache.tomcat.util.threads.TaskThread$WrappingRunnable.run(TaskThread.java:61) ~[tomcat-embed-core-9.0.38.jar:9.0.38]
	at java.base/java.lang.Thread.run(Thread.java:833) ~[na:na]

2021-10-31 23:12:29.626  INFO 1352 --- [http-nio-4000-exec-2] o.apache.coyote.http11.Http11Processor   : Error parsing HTTP request header
 Note: further occurrences of HTTP request parsing errors will be logged at DEBUG level.

java.lang.IllegalArgumentException: Invalid character found in method name [0x160x030x010x020x000x010x000x010xfc0x030x030xa60x9e0xdb0xd1[20x9b0x9e0x870x120xc3]uU0x9dE0xff0x1680xb60xbe0x080xee0xe90x09,0xc50xc60xc30xcc0x1bS]. HTTP method names must be tokens
	at org.apache.coyote.http11.Http11InputBuffer.parseRequestLine(Http11InputBuffer.java:413) ~[tomcat-embed-core-9.0.38.jar:9.0.38]
	at org.apache.coyote.http11.Http11Processor.service(Http11Processor.java:261) ~[tomcat-embed-core-9.0.38.jar:9.0.38]
	at org.apache.coyote.AbstractProcessorLight.process(AbstractProcessorLight.java:65) ~[tomcat-embed-core-9.0.38.jar:9.0.38]
	at org.apache.coyote.AbstractProtocol$ConnectionHandler.process(AbstractProtocol.java:868) ~[tomcat-embed-core-9.0.38.jar:9.0.38]
	at org.apache.tomcat.util.net.NioEndpoint$SocketProcessor.doRun(NioEndpoint.java:1590) ~[tomcat-embed-core-9.0.38.jar:9.0.38]
	at org.apache.tomcat.util.net.SocketProcessorBase.run(SocketProcessorBase.java:49) ~[tomcat-embed-core-9.0.38.jar:9.0.38]
	at java.base/java.util.concurrent.ThreadPoolExecutor.runWorker(ThreadPoolExecutor.java:1136) ~[na:na]
	at java.base/java.util.concurrent.ThreadPoolExecutor$Worker.run(ThreadPoolExecutor.java:635) ~[na:na]
	at org.apache.tomcat.util.threads.TaskThread$WrappingRunnable.run(TaskThread.java:61) ~[tomcat-embed-core-9.0.38.jar:9.0.38]
	at java.base/java.lang.Thread.run(Thread.java:833) ~[na:na]

2021-10-31 23:12:29.833  INFO 1352 --- [http-nio-4000-exec-4] o.apache.coyote.http11.Http11Processor   : Error parsing HTTP request header
 Note: further occurrences of HTTP request parsing errors will be logged at DEBUG level.

java.lang.IllegalArgumentException: Invalid character found in method name [0x160x030x010x020x000x010x000x010xfc0x030x033%0x090x960x1a0xb80xe40xe7<0xc9hh*0x850xc70x0bO_0xf60x120xf80xb1T40xf8}C~0xfa_,D]. HTTP method names must be tokens
	at org.apache.coyote.http11.Http11InputBuffer.parseRequestLine(Http11InputBuffer.java:413) ~[tomcat-embed-core-9.0.38.jar:9.0.38]
	at org.apache.coyote.http11.Http11Processor.service(Http11Processor.java:261) ~[tomcat-embed-core-9.0.38.jar:9.0.38]
	at org.apache.coyote.AbstractProcessorLight.process(AbstractProcessorLight.java:65) ~[tomcat-embed-core-9.0.38.jar:9.0.38]
	at org.apache.coyote.AbstractProtocol$ConnectionHandler.process(AbstractProtocol.java:868) ~[tomcat-embed-core-9.0.38.jar:9.0.38]
	at org.apache.tomcat.util.net.NioEndpoint$SocketProcessor.doRun(NioEndpoint.java:1590) ~[tomcat-embed-core-9.0.38.jar:9.0.38]
	at org.apache.tomcat.util.net.SocketProcessorBase.run(SocketProcessorBase.java:49) ~[tomcat-embed-core-9.0.38.jar:9.0.38]
	at java.base/java.util.concurrent.ThreadPoolExecutor.runWorker(ThreadPoolExecutor.java:1136) ~[na:na]
	at java.base/java.util.concurrent.ThreadPoolExecutor$Worker.run(ThreadPoolExecutor.java:635) ~[na:na]
	at org.apache.tomcat.util.threads.TaskThread$WrappingRunnable.run(TaskThread.java:61) ~[tomcat-embed-core-9.0.38.jar:9.0.38]
	at java.base/java.lang.Thread.run(Thread.java:833) ~[na:na]

2021-10-31 23:12:29.833  INFO 1352 --- [http-nio-4000-exec-3] o.apache.coyote.http11.Http11Processor   : Error parsing HTTP request header
 Note: further occurrences of HTTP request parsing errors will be logged at DEBUG level.

java.lang.IllegalArgumentException: Invalid character found in method name [0x160x030x010x020x000x010x000x010xfc0x030x03m}0xf10x890xbaE0xfb0xd7\0x930xbbg0x900x120x0ewH0xcfD0x8dlE0x0f0xd80x9a0x1bE40xf8T0xbdC]. HTTP method names must be tokens
	at org.apache.coyote.http11.Http11InputBuffer.parseRequestLine(Http11InputBuffer.java:413) ~[tomcat-embed-core-9.0.38.jar:9.0.38]
	at org.apache.coyote.http11.Http11Processor.service(Http11Processor.java:261) ~[tomcat-embed-core-9.0.38.jar:9.0.38]
	at org.apache.coyote.AbstractProcessorLight.process(AbstractProcessorLight.java:65) ~[tomcat-embed-core-9.0.38.jar:9.0.38]
	at org.apache.coyote.AbstractProtocol$ConnectionHandler.process(AbstractProtocol.java:868) ~[tomcat-embed-core-9.0.38.jar:9.0.38]
	at org.apache.tomcat.util.net.NioEndpoint$SocketProcessor.doRun(NioEndpoint.java:1590) ~[tomcat-embed-core-9.0.38.jar:9.0.38]
	at org.apache.tomcat.util.net.SocketProcessorBase.run(SocketProcessorBase.java:49) ~[tomcat-embed-core-9.0.38.jar:9.0.38]
	at java.base/java.util.concurrent.ThreadPoolExecutor.runWorker(ThreadPoolExecutor.java:1136) ~[na:na]
	at java.base/java.util.concurrent.ThreadPoolExecutor$Worker.run(ThreadPoolExecutor.java:635) ~[na:na]
	at org.apache.tomcat.util.threads.TaskThread$WrappingRunnable.run(TaskThread.java:61) ~[tomcat-embed-core-9.0.38.jar:9.0.38]
	at java.base/java.lang.Thread.run(Thread.java:833) ~[na:na]

2021-10-31 23:12:41.732  INFO 1352 --- [http-nio-4000-exec-5] o.a.c.c.C.[Tomcat].[localhost].[/]       : Initializing Spring DispatcherServlet 'dispatcherServlet'
2021-10-31 23:12:41.733  INFO 1352 --- [http-nio-4000-exec-5] o.s.web.servlet.DispatcherServlet        : Initializing Servlet 'dispatcherServlet'
2021-10-31 23:12:41.755  INFO 1352 --- [http-nio-4000-exec-5] o.s.web.servlet.DispatcherServlet        : Completed initialization in 21 ms
2021-10-31 23:32:55.508  INFO 1520 --- [main] com.api.sportyShoes.SportyShoes          : Starting SportyShoes on DESKTOP-B4S75O9 with PID 1520 (C:\Users\admin\Desktop\E-commerce-Website-for-Sporty-Shoes-master\sporty_shoes\target\classes started by admin in C:\Users\admin\Desktop\E-commerce-Website-for-Sporty-Shoes-master\sporty_shoes)
2021-10-31 23:32:55.516  INFO 1520 --- [main] com.api.sportyShoes.SportyShoes          : No active profile set, falling back to default profiles: default
2021-10-31 23:32:57.578  INFO 1520 --- [main] .s.d.r.c.RepositoryConfigurationDelegate : Bootstrapping Spring Data JPA repositories in DEFAULT mode.
2021-10-31 23:32:57.718  INFO 1520 --- [main] .s.d.r.c.RepositoryConfigurationDelegate : Finished Spring Data repository scanning in 119ms. Found 2 JPA repository interfaces.
2021-10-31 23:32:59.129  INFO 1520 --- [main] o.s.b.w.embedded.tomcat.TomcatWebServer  : Tomcat initialized with port(s): 4000 (http)
2021-10-31 23:32:59.164  INFO 1520 --- [main] o.apache.catalina.core.StandardService   : Starting service [Tomcat]
2021-10-31 23:32:59.165  INFO 1520 --- [main] org.apache.catalina.core.StandardEngine  : Starting Servlet engine: [Apache Tomcat/9.0.38]
2021-10-31 23:32:59.376  INFO 1520 --- [main] o.a.c.c.C.[Tomcat].[localhost].[/]       : Initializing Spring embedded WebApplicationContext
2021-10-31 23:32:59.376  INFO 1520 --- [main] w.s.c.ServletWebServerApplicationContext : Root WebApplicationContext: initialization completed in 3742 ms
2021-10-31 23:32:59.449  INFO 1520 --- [main] com.zaxxer.hikari.HikariDataSource       : HikariPool-1 - Starting...
2021-10-31 23:32:59.744  INFO 1520 --- [main] com.zaxxer.hikari.HikariDataSource       : HikariPool-1 - Start completed.
2021-10-31 23:32:59.763  INFO 1520 --- [main] o.s.b.a.h2.H2ConsoleAutoConfiguration    : H2 console available at '/h2'. Database available at 'jdbc:h2:mem:testdb'
2021-10-31 23:33:00.361  INFO 1520 --- [main] o.hibernate.jpa.internal.util.LogHelper  : HHH000204: Processing PersistenceUnitInfo [name: default]
2021-10-31 23:33:00.475  INFO 1520 --- [main] org.hibernate.Version                    : HHH000412: Hibernate ORM core version 5.4.21.Final
2021-10-31 23:33:00.775  INFO 1520 --- [main] o.hibernate.annotations.common.Version   : HCANN000001: Hibernate Commons Annotations {5.1.0.Final}
2021-10-31 23:33:01.044  INFO 1520 --- [main] org.hibernate.dialect.Dialect            : HHH000400: Using dialect: org.hibernate.dialect.H2Dialect
2021-10-31 23:33:02.801  INFO 1520 --- [main] o.h.e.t.j.p.i.JtaPlatformInitiator       : HHH000490: Using JtaPlatform implementation: [org.hibernate.engine.transaction.jta.platform.internal.NoJtaPlatform]
2021-10-31 23:33:02.890  INFO 1520 --- [main] j.LocalContainerEntityManagerFactoryBean : Initialized JPA EntityManagerFactory for persistence unit 'default'
2021-10-31 23:33:03.000  WARN 1520 --- [main] JpaBaseConfiguration$JpaWebConfiguration : spring.jpa.open-in-view is enabled by default. Therefore, database queries may be performed during view rendering. Explicitly configure spring.jpa.open-in-view to disable this warning
2021-10-31 23:33:04.781  INFO 1520 --- [main] o.s.s.web.DefaultSecurityFilterChain     : Creating filter chain: any request, [org.springframework.security.web.context.request.async.WebAsyncManagerIntegrationFilter@350d9d23, org.springframework.security.web.context.SecurityContextPersistenceFilter@3006aef5, org.springframework.security.web.header.HeaderWriterFilter@20608ef4, org.springframework.security.web.authentication.logout.LogoutFilter@63fde7ca, org.springframework.security.web.authentication.www.BasicAuthenticationFilter@684bfba9, org.springframework.security.web.savedrequest.RequestCacheAwareFilter@62158618, org.springframework.security.web.servletapi.SecurityContextHolderAwareRequestFilter@397bd46b, org.springframework.security.web.authentication.AnonymousAuthenticationFilter@530a46f4, org.springframework.security.web.session.SessionManagementFilter@a7fd77f, org.springframework.security.web.access.ExceptionTranslationFilter@22ba30b0, org.springframework.security.web.access.intercept.FilterSecurityInterceptor@3af6c672]
2021-10-31 23:33:04.823  INFO 1520 --- [main] pertySourcedRequestMappingHandlerMapping : Mapped URL path [/v2/api-docs] onto method [springfox.documentation.swagger2.web.Swagger2Controller#getDocumentation(String, HttpServletRequest)]
2021-10-31 23:33:05.033  INFO 1520 --- [main] o.s.s.concurrent.ThreadPoolTaskExecutor  : Initializing ExecutorService 'applicationTaskExecutor'
2021-10-31 23:33:05.260  INFO 1520 --- [main] d.s.w.p.DocumentationPluginsBootstrapper : Context refreshed
2021-10-31 23:33:05.290  INFO 1520 --- [main] d.s.w.p.DocumentationPluginsBootstrapper : Found 1 custom documentation plugin(s)
2021-10-31 23:33:05.367  INFO 1520 --- [main] s.d.s.w.s.ApiListingReferenceScanner     : Scanning for api listing references
2021-10-31 23:33:05.786  INFO 1520 --- [main] o.apache.catalina.core.StandardService   : Stopping service [Tomcat]
2021-10-31 23:33:05.791  WARN 1520 --- [main] o.a.c.loader.WebappClassLoaderBase       : The web application [ROOT] appears to have started a thread named [HikariPool-1 housekeeper] but has failed to stop it. This is very likely to create a memory leak. Stack trace of thread:
 java.base@17/jdk.internal.misc.Unsafe.park(Native Method)
 java.base@17/java.util.concurrent.locks.LockSupport.parkNanos(LockSupport.java:252)
 java.base@17/java.util.concurrent.locks.AbstractQueuedSynchronizer$ConditionObject.awaitNanos(AbstractQueuedSynchronizer.java:1672)
 java.base@17/java.util.concurrent.ScheduledThreadPoolExecutor$DelayedWorkQueue.take(ScheduledThreadPoolExecutor.java:1182)
 java.base@17/java.util.concurrent.ScheduledThreadPoolExecutor$DelayedWorkQueue.take(ScheduledThreadPoolExecutor.java:899)
 java.base@17/java.util.concurrent.ThreadPoolExecutor.getTask(ThreadPoolExecutor.java:1062)
 java.base@17/java.util.concurrent.ThreadPoolExecutor.runWorker(ThreadPoolExecutor.java:1122)
 java.base@17/java.util.concurrent.ThreadPoolExecutor$Worker.run(ThreadPoolExecutor.java:635)
 java.base@17/java.lang.Thread.run(Thread.java:833)
2021-10-31 23:33:05.798  INFO 1520 --- [main] ConditionEvaluationReportLoggingListener : 

Error starting ApplicationContext. To display the conditions report re-run your application with 'debug' enabled.
2021-10-31 23:33:05.800 ERROR 1520 --- [main] o.s.b.d.LoggingFailureAnalysisReporter   : 

***************************
APPLICATION FAILED TO START
***************************

Description:

Web server failed to start. Port 4000 was already in use.

Action:

Identify and stop the process that's listening on port 4000 or configure this application to listen on another port.

2021-10-31 23:33:05.803  INFO 1520 --- [main] o.s.s.concurrent.ThreadPoolTaskExecutor  : Shutting down ExecutorService 'applicationTaskExecutor'
2021-10-31 23:33:05.808  INFO 1520 --- [main] j.LocalContainerEntityManagerFactoryBean : Closing JPA EntityManagerFactory for persistence unit 'default'
2021-10-31 23:33:05.808  INFO 1520 --- [main] .SchemaDropperImpl$DelayedDropActionImpl : HHH000477: Starting delayed evictData of schema as part of SessionFactory shut-down'
2021-10-31 23:33:05.818  INFO 1520 --- [main] com.zaxxer.hikari.HikariDataSource       : HikariPool-1 - Shutdown initiated...
2021-10-31 23:33:05.822  INFO 1520 --- [main] com.zaxxer.hikari.HikariDataSource       : HikariPool-1 - Shutdown completed.
2021-10-31 23:36:11.697  INFO 9080 --- [main] com.api.sportyShoes.SportyShoes          : Starting SportyShoes on DESKTOP-B4S75O9 with PID 9080 (C:\Users\admin\Desktop\E-commerce-Website-for-Sporty-Shoes-master\sporty_shoes\target\classes started by admin in C:\Users\admin\Desktop\E-commerce-Website-for-Sporty-Shoes-master\sporty_shoes)
2021-10-31 23:36:11.703  INFO 9080 --- [main] com.api.sportyShoes.SportyShoes          : No active profile set, falling back to default profiles: default
2021-10-31 23:36:14.150  INFO 9080 --- [main] .s.d.r.c.RepositoryConfigurationDelegate : Bootstrapping Spring Data JPA repositories in DEFAULT mode.
2021-10-31 23:36:14.343  INFO 9080 --- [main] .s.d.r.c.RepositoryConfigurationDelegate : Finished Spring Data repository scanning in 168ms. Found 2 JPA repository interfaces.
2021-10-31 23:36:15.931  INFO 9080 --- [main] o.s.b.w.embedded.tomcat.TomcatWebServer  : Tomcat initialized with port(s): 4000 (http)
2021-10-31 23:36:15.957  INFO 9080 --- [main] o.apache.catalina.core.StandardService   : Starting service [Tomcat]
2021-10-31 23:36:15.958  INFO 9080 --- [main] org.apache.catalina.core.StandardEngine  : Starting Servlet engine: [Apache Tomcat/9.0.38]
2021-10-31 23:36:16.180  INFO 9080 --- [main] o.a.c.c.C.[Tomcat].[localhost].[/]       : Initializing Spring embedded WebApplicationContext
2021-10-31 23:36:16.181  INFO 9080 --- [main] w.s.c.ServletWebServerApplicationContext : Root WebApplicationContext: initialization completed in 4376 ms
2021-10-31 23:36:16.280  INFO 9080 --- [main] com.zaxxer.hikari.HikariDataSource       : HikariPool-1 - Starting...
2021-10-31 23:36:16.668  INFO 9080 --- [main] com.zaxxer.hikari.HikariDataSource       : HikariPool-1 - Start completed.
2021-10-31 23:36:16.681  INFO 9080 --- [main] o.s.b.a.h2.H2ConsoleAutoConfiguration    : H2 console available at '/h2'. Database available at 'jdbc:h2:mem:testdb'
2021-10-31 23:36:17.037  INFO 9080 --- [main] o.hibernate.jpa.internal.util.LogHelper  : HHH000204: Processing PersistenceUnitInfo [name: default]
2021-10-31 23:36:17.131  INFO 9080 --- [main] org.hibernate.Version                    : HHH000412: Hibernate ORM core version 5.4.21.Final
2021-10-31 23:36:17.403  INFO 9080 --- [main] o.hibernate.annotations.common.Version   : HCANN000001: Hibernate Commons Annotations {5.1.0.Final}
2021-10-31 23:36:17.686  INFO 9080 --- [main] org.hibernate.dialect.Dialect            : HHH000400: Using dialect: org.hibernate.dialect.H2Dialect
2021-10-31 23:36:19.009  INFO 9080 --- [main] o.h.e.t.j.p.i.JtaPlatformInitiator       : HHH000490: Using JtaPlatform implementation: [org.hibernate.engine.transaction.jta.platform.internal.NoJtaPlatform]
2021-10-31 23:36:19.018  INFO 9080 --- [main] j.LocalContainerEntityManagerFactoryBean : Initialized JPA EntityManagerFactory for persistence unit 'default'
2021-10-31 23:36:19.135  WARN 9080 --- [main] JpaBaseConfiguration$JpaWebConfiguration : spring.jpa.open-in-view is enabled by default. Therefore, database queries may be performed during view rendering. Explicitly configure spring.jpa.open-in-view to disable this warning
2021-10-31 23:36:21.299  INFO 9080 --- [main] o.s.s.web.DefaultSecurityFilterChain     : Creating filter chain: any request, [org.springframework.security.web.context.request.async.WebAsyncManagerIntegrationFilter@350d9d23, org.springframework.security.web.context.SecurityContextPersistenceFilter@3006aef5, org.springframework.security.web.header.HeaderWriterFilter@20608ef4, org.springframework.security.web.authentication.logout.LogoutFilter@63fde7ca, org.springframework.security.web.authentication.www.BasicAuthenticationFilter@684bfba9, org.springframework.security.web.savedrequest.RequestCacheAwareFilter@62158618, org.springframework.security.web.servletapi.SecurityContextHolderAwareRequestFilter@397bd46b, org.springframework.security.web.authentication.AnonymousAuthenticationFilter@530a46f4, org.springframework.security.web.session.SessionManagementFilter@a7fd77f, org.springframework.security.web.access.ExceptionTranslationFilter@22ba30b0, org.springframework.security.web.access.intercept.FilterSecurityInterceptor@3af6c672]
2021-10-31 23:36:21.366  INFO 9080 --- [main] pertySourcedRequestMappingHandlerMapping : Mapped URL path [/v2/api-docs] onto method [springfox.documentation.swagger2.web.Swagger2Controller#getDocumentation(String, HttpServletRequest)]
2021-10-31 23:36:21.648  INFO 9080 --- [main] o.s.s.concurrent.ThreadPoolTaskExecutor  : Initializing ExecutorService 'applicationTaskExecutor'
2021-10-31 23:36:21.994  INFO 9080 --- [main] d.s.w.p.DocumentationPluginsBootstrapper : Context refreshed
2021-10-31 23:36:22.045  INFO 9080 --- [main] d.s.w.p.DocumentationPluginsBootstrapper : Found 1 custom documentation plugin(s)
2021-10-31 23:36:22.266  INFO 9080 --- [main] s.d.s.w.s.ApiListingReferenceScanner     : Scanning for api listing references
2021-10-31 23:36:22.845  INFO 9080 --- [main] o.apache.catalina.core.StandardService   : Stopping service [Tomcat]
2021-10-31 23:36:22.851  WARN 9080 --- [main] o.a.c.loader.WebappClassLoaderBase       : The web application [ROOT] appears to have started a thread named [HikariPool-1 housekeeper] but has failed to stop it. This is very likely to create a memory leak. Stack trace of thread:
 java.base@17/jdk.internal.misc.Unsafe.park(Native Method)
 java.base@17/java.util.concurrent.locks.LockSupport.parkNanos(LockSupport.java:252)
 java.base@17/java.util.concurrent.locks.AbstractQueuedSynchronizer$ConditionObject.awaitNanos(AbstractQueuedSynchronizer.java:1672)
 java.base@17/java.util.concurrent.ScheduledThreadPoolExecutor$DelayedWorkQueue.take(ScheduledThreadPoolExecutor.java:1182)
 java.base@17/java.util.concurrent.ScheduledThreadPoolExecutor$DelayedWorkQueue.take(ScheduledThreadPoolExecutor.java:899)
 java.base@17/java.util.concurrent.ThreadPoolExecutor.getTask(ThreadPoolExecutor.java:1062)
 java.base@17/java.util.concurrent.ThreadPoolExecutor.runWorker(ThreadPoolExecutor.java:1122)
 java.base@17/java.util.concurrent.ThreadPoolExecutor$Worker.run(ThreadPoolExecutor.java:635)
 java.base@17/java.lang.Thread.run(Thread.java:833)
2021-10-31 23:36:22.860  INFO 9080 --- [main] ConditionEvaluationReportLoggingListener : 

Error starting ApplicationContext. To display the conditions report re-run your application with 'debug' enabled.
2021-10-31 23:36:22.863 ERROR 9080 --- [main] o.s.b.d.LoggingFailureAnalysisReporter   : 

***************************
APPLICATION FAILED TO START
***************************

Description:

Web server failed to start. Port 4000 was already in use.

Action:

Identify and stop the process that's listening on port 4000 or configure this application to listen on another port.

2021-10-31 23:36:22.869  INFO 9080 --- [main] o.s.s.concurrent.ThreadPoolTaskExecutor  : Shutting down ExecutorService 'applicationTaskExecutor'
2021-10-31 23:36:22.874  INFO 9080 --- [main] j.LocalContainerEntityManagerFactoryBean : Closing JPA EntityManagerFactory for persistence unit 'default'
2021-10-31 23:36:22.875  INFO 9080 --- [main] .SchemaDropperImpl$DelayedDropActionImpl : HHH000477: Starting delayed evictData of schema as part of SessionFactory shut-down'
2021-10-31 23:36:22.888  INFO 9080 --- [main] com.zaxxer.hikari.HikariDataSource       : HikariPool-1 - Shutdown initiated...
2021-10-31 23:36:22.895  INFO 9080 --- [main] com.zaxxer.hikari.HikariDataSource       : HikariPool-1 - Shutdown completed.
